#-----------------------------------------------------------
# Webtalk v2017.3 (64-bit)
# SW Build 2018833 on Wed Oct  4 19:58:22 MDT 2017
# 
# Start of session at: Wed Apr  4 21:48:40 2018
# Process ID: 1148
# Current directory: U:/ENSC_452/adaptive_noise_cancellation-master/adaptive_noise_cancellation-master/adaptive_noise_cancellation.sdk/webtalk
# Command line: wbtcv.exe -mode batch -source sdk_webtalk.tcl
# Log file: U:/ENSC_452/adaptive_noise_cancellation-master/adaptive_noise_cancellation-master/adaptive_noise_cancellation.sdk/webtalk/webtalk.log
# Journal file: U:/ENSC_452/adaptive_noise_cancellation-master/adaptive_noise_cancellation-master/adaptive_noise_cancellation.sdk/webtalk\webtalk.jou
#-----------------------------------------------------------
source sdk_webtalk.tcl
# webtalk_init -webtalk_dir U:\\ENSC_452\\adaptive_noise_cancellation-master\\adaptive_noise_cancellation-master\\adaptive_noise_cancellation.sdk\\webtalk
# webtalk_register_client -client project
# webtalk_add_data -client project -key date_generated -value "2018-04-04 21:48:38" -context "software_version_and_target_device"
# webtalk_add_data -client project -key product_version -value "SDK v2017.3" -context "software_version_and_target_device"
# webtalk_add_data -client project -key build_version -value "2017.3" -context "software_version_and_target_device"
# webtalk_add_data -client project -key os_platform -value "amd64" -context "software_version_and_target_device"
# webtalk_add_data -client project -key registration_id -value "174126375_1777515234_210673548_246" -context "software_version_and_target_device"
# webtalk_add_data -client project -key tool_flow -value "SDK" -context "software_version_and_target_device"
# webtalk_add_data -client project -key beta -value "false" -context "software_version_and_target_device"
# webtalk_add_data -client project -key route_design -value "NA" -context "software_version_and_target_device"
# webtalk_add_data -client project -key target_family -value "NA" -context "software_version_and_target_device"
# webtalk_add_data -client project -key target_device -value "NA" -context "software_version_and_target_device"
# webtalk_add_data -client project -key target_package -value "NA" -context "software_version_and_target_device"
# webtalk_add_data -client project -key target_speed -value "NA" -context "software_version_and_target_device"
# webtalk_add_data -client project -key random_id -value "6vhg60fi900hd9f07d579moslk" -context "software_version_and_target_device"
# webtalk_add_data -client project -key project_id -value "2017.3_11" -context "software_version_and_target_device"
# webtalk_add_data -client project -key project_iteration -value "11" -context "software_version_and_target_device"
# webtalk_add_data -client project -key os_name -value "Microsoft Windows 8 or later , 64-bit" -context "user_environment"
# webtalk_add_data -client project -key os_release -value "major release  (build 9200)" -context "user_environment"
# webtalk_add_data -client project -key cpu_name -value "Intel(R) Core(TM) i7-4770S CPU @ 3.10GHz" -context "user_environment"
# webtalk_add_data -client project -key cpu_speed -value "3093 MHz" -context "user_environment"
# webtalk_add_data -client project -key total_processors -value "1" -context "user_environment"
# webtalk_add_data -client project -key system_ram -value "17.084 GB" -context "user_environment"
# webtalk_register_client -client sdk
# webtalk_add_data -client sdk -key uid -value "1522896862976" -context "sdk\\\\hardware/1522896862976"
# webtalk_add_data -client sdk -key isZynq -value "true" -context "sdk\\\\hardware/1522896862976"
# webtalk_add_data -client sdk -key isZynqMP -value "false" -context "sdk\\\\hardware/1522896862976"
# webtalk_add_data -client sdk -key Processors -value "2" -context "sdk\\\\hardware/1522896862976"
# webtalk_add_data -client sdk -key VivadoVersion -value "2017.4" -context "sdk\\\\hardware/1522896862976"
# webtalk_add_data -client sdk -key Arch -value "zynq" -context "sdk\\\\hardware/1522896862976"
# webtalk_add_data -client sdk -key Device -value "7z020" -context "sdk\\\\hardware/1522896862976"
# webtalk_add_data -client sdk -key IsHandoff -value "true" -context "sdk\\\\hardware/1522896862976"
# webtalk_add_data -client sdk -key os -value "NA" -context "sdk\\\\hardware/1522896862976"
# webtalk_add_data -client sdk -key apptemplate -value "NA" -context "sdk\\\\hardware/1522896862976"
# webtalk_add_data -client sdk -key RecordType -value "HWCreation" -context "sdk\\\\hardware/1522896862976"
# webtalk_add_data -client sdk -key uid -value "1522897090875" -context "sdk\\\\bsp/1522897090875"
# webtalk_add_data -client sdk -key hwid -value "1522896862976" -context "sdk\\\\bsp/1522897090875"
# webtalk_add_data -client sdk -key os -value "standalone" -context "sdk\\\\bsp/1522897090875"
# webtalk_add_data -client sdk -key apptemplate -value "null" -context "sdk\\\\bsp/1522897090875"
# webtalk_add_data -client sdk -key RecordType -value "BSPCreation" -context "sdk\\\\bsp/1522897090875"
# webtalk_add_data -client sdk -key uid -value "1522897164426" -context "sdk\\\\bsp/1522897164426"
# webtalk_add_data -client sdk -key hwid -value "1522896862976" -context "sdk\\\\bsp/1522897164426"
# webtalk_add_data -client sdk -key os -value "standalone" -context "sdk\\\\bsp/1522897164426"
# webtalk_add_data -client sdk -key apptemplate -value "null" -context "sdk\\\\bsp/1522897164426"
# webtalk_add_data -client sdk -key RecordType -value "BSPCreation" -context "sdk\\\\bsp/1522897164426"
# webtalk_add_data -client sdk -key uid -value "1522897991121" -context "sdk\\\\application/1522897991121"
# webtalk_add_data -client sdk -key hwid -value "1522896862976" -context "sdk\\\\application/1522897991121"
# webtalk_add_data -client sdk -key bspid -value "1522897090875" -context "sdk\\\\application/1522897991121"
# webtalk_add_data -client sdk -key newbsp -value "false" -context "sdk\\\\application/1522897991121"
# webtalk_add_data -client sdk -key os -value "standalone" -context "sdk\\\\application/1522897991121"
# webtalk_add_data -client sdk -key apptemplate -value "empty_application" -context "sdk\\\\application/1522897991121"
# webtalk_add_data -client sdk -key RecordType -value "APPCreation" -context "sdk\\\\application/1522897991121"
# webtalk_add_data -client sdk -key LangUsed -value "C" -context "sdk\\\\application/1522897991121"
# webtalk_add_data -client sdk -key Procused -value "ps7_cortexa9" -context "sdk\\\\application/1522897991121"
# webtalk_add_data -client sdk -key uid -value "1522898460362" -context "sdk\\\\application/1522898460362"
# webtalk_add_data -client sdk -key hwid -value "1522896862976" -context "sdk\\\\application/1522898460362"
# webtalk_add_data -client sdk -key bspid -value "1522897164426" -context "sdk\\\\application/1522898460362"
# webtalk_add_data -client sdk -key newbsp -value "false" -context "sdk\\\\application/1522898460362"
# webtalk_add_data -client sdk -key os -value "standalone" -context "sdk\\\\application/1522898460362"
# webtalk_add_data -client sdk -key apptemplate -value "empty_application" -context "sdk\\\\application/1522898460362"
# webtalk_add_data -client sdk -key RecordType -value "APPCreation" -context "sdk\\\\application/1522898460362"
# webtalk_add_data -client sdk -key LangUsed -value "C" -context "sdk\\\\application/1522898460362"
# webtalk_add_data -client sdk -key Procused -value "ps7_cortexa9" -context "sdk\\\\application/1522898460362"
# webtalk_add_data -client sdk -key projSize -value "196.53125" -context "sdk\\\\application/1522898460362"
# webtalk_add_data -client sdk -key uid -value "1522898533220" -context "sdk\\\\application/1522898533220"
# webtalk_add_data -client sdk -key hwid -value "1522896862976" -context "sdk\\\\application/1522898533220"
# webtalk_add_data -client sdk -key bspid -value "1522897090875" -context "sdk\\\\application/1522898533220"
# webtalk_add_data -client sdk -key newbsp -value "false" -context "sdk\\\\application/1522898533220"
# webtalk_add_data -client sdk -key os -value "standalone" -context "sdk\\\\application/1522898533220"
# webtalk_add_data -client sdk -key apptemplate -value "empty_application" -context "sdk\\\\application/1522898533220"
# webtalk_add_data -client sdk -key RecordType -value "APPCreation" -context "sdk\\\\application/1522898533220"
# webtalk_add_data -client sdk -key LangUsed -value "C" -context "sdk\\\\application/1522898533220"
# webtalk_add_data -client sdk -key Procused -value "ps7_cortexa9" -context "sdk\\\\application/1522898533220"
# webtalk_add_data -client sdk -key uid -value "1522901670728" -context "sdk\\\\application/1522901670728"
# webtalk_add_data -client sdk -key hwid -value "1522896862976" -context "sdk\\\\application/1522901670728"
# webtalk_add_data -client sdk -key bspid -value "1522897090875" -context "sdk\\\\application/1522901670728"
# webtalk_add_data -client sdk -key newbsp -value "false" -context "sdk\\\\application/1522901670728"
# webtalk_add_data -client sdk -key os -value "standalone" -context "sdk\\\\application/1522901670728"
# webtalk_add_data -client sdk -key apptemplate -value "lwip_echo_server" -context "sdk\\\\application/1522901670728"
# webtalk_add_data -client sdk -key RecordType -value "APPCreation" -context "sdk\\\\application/1522901670728"
# webtalk_add_data -client sdk -key LangUsed -value "C" -context "sdk\\\\application/1522901670728"
# webtalk_add_data -client sdk -key Procused -value "ps7_cortexa9" -context "sdk\\\\application/1522901670728"
# webtalk_add_data -client sdk -key projSize -value "350.17578125" -context "sdk\\\\application/1522901670728"
# webtalk_add_data -client sdk -key uid -value "1522902317851" -context "sdk\\\\application/1522902317851"
# webtalk_add_data -client sdk -key hwid -value "1522896862976" -context "sdk\\\\application/1522902317851"
# webtalk_add_data -client sdk -key bspid -value "1522897090875" -context "sdk\\\\application/1522902317851"
# webtalk_add_data -client sdk -key newbsp -value "false" -context "sdk\\\\application/1522902317851"
# webtalk_add_data -client sdk -key os -value "standalone" -context "sdk\\\\application/1522902317851"
# webtalk_add_data -client sdk -key apptemplate -value "lwip_echo_server" -context "sdk\\\\application/1522902317851"
# webtalk_add_data -client sdk -key RecordType -value "APPCreation" -context "sdk\\\\application/1522902317851"
# webtalk_add_data -client sdk -key LangUsed -value "C" -context "sdk\\\\application/1522902317851"
# webtalk_add_data -client sdk -key Procused -value "ps7_cortexa9" -context "sdk\\\\application/1522902317851"
# webtalk_add_data -client sdk -key projSize -value "347.65625" -context "sdk\\\\application/1522902317851"
# webtalk_add_data -client sdk -key uid -value "NA" -context "sdk\\\\bsp/1522903717989"
# webtalk_add_data -client sdk -key RecordType -value "ToolUsage" -context "sdk\\\\bsp/1522903717989"
# webtalk_add_data -client sdk -key BootgenCount -value "0" -context "sdk\\\\bsp/1522903717989"
# webtalk_add_data -client sdk -key DebugCount -value "29" -context "sdk\\\\bsp/1522903717989"
# webtalk_add_data -client sdk -key PerfCount -value "0" -context "sdk\\\\bsp/1522903717989"
# webtalk_add_data -client sdk -key FlashCount -value "0" -context "sdk\\\\bsp/1522903717989"
# webtalk_add_data -client sdk -key CrossTriggCount -value "0" -context "sdk\\\\bsp/1522903717989"
# webtalk_add_data -client sdk -key QemuDebugCount -value "0" -context "sdk\\\\bsp/1522903717989"
# webtalk_transmit -clientid 1906276235 -regid "174126375_1777515234_210673548_246" -xml U:\\ENSC_452\\adaptive_noise_cancellation-master\\adaptive_noise_cancellation-master\\adaptive_noise_cancellation.sdk\\webtalk\\usage_statistics_ext_sdk.xml -html U:\\ENSC_452\\adaptive_noise_cancellation-master\\adaptive_noise_cancellation-master\\adaptive_noise_cancellation.sdk\\webtalk\\usage_statistics_ext_sdk.html -wdm U:\\ENSC_452\\adaptive_noise_cancellation-master\\adaptive_noise_cancellation-master\\adaptive_noise_cancellation.sdk\\webtalk\\sdk_webtalk.wdm -intro "<H3>SDK Usage Report</H3><BR>"
# webtalk_terminate
INFO: [Common 17-206] Exiting Webtalk at Wed Apr  4 21:49:00 2018...
