Copyright 1986-2017 Xilinx, Inc. All Rights Reserved.
------------------------------------------------------------------------------------
| Tool Version : Vivado v.2017.3 (win64) Build 2018833 Wed Oct  4 19:58:22 MDT 2017
| Date         : Wed Apr  4 17:06:57 2018
| Host         : ensc-pit-16 running 64-bit major release  (build 9200)
| Command      : upgrade_ip
| Device       : xc7z020clg484-1
------------------------------------------------------------------------------------

Upgrade Log for IP 'design_1_ps7_0_axi_periph_0'

1. Summary
----------

SUCCESS in the upgrade of design_1_ps7_0_axi_periph_0 (xilinx.com:ip:axi_interconnect:2.1) from (Rev. 16) to (Rev. 15)






Copyright 1986-2017 Xilinx, Inc. All Rights Reserved.
------------------------------------------------------------------------------------
| Tool Version : Vivado v.2017.3 (win64) Build 2018833 Wed Oct  4 19:58:22 MDT 2017
| Date         : Wed Apr  4 17:06:57 2018
| Host         : ensc-pit-16 running 64-bit major release  (build 9200)
| Command      : upgrade_ip
| Device       : xc7z020clg484-1
------------------------------------------------------------------------------------

Upgrade Log for IP 'design_1_filter_output_left_0'

1. Summary
----------

SUCCESS in the upgrade of design_1_filter_output_left_0 (xilinx.com:ip:axi_gpio:2.0) from (Rev. 17) to (Rev. 16)






Copyright 1986-2017 Xilinx, Inc. All Rights Reserved.
------------------------------------------------------------------------------------
| Tool Version : Vivado v.2017.3 (win64) Build 2018833 Wed Oct  4 19:58:22 MDT 2017
| Date         : Wed Apr  4 17:06:57 2018
| Host         : ensc-pit-16 running 64-bit major release  (build 9200)
| Command      : upgrade_ip
| Device       : xc7z020clg484-1
------------------------------------------------------------------------------------

Upgrade Log for IP 'design_1_axi_gpio_0_3'

1. Summary
----------

SUCCESS in the upgrade of design_1_axi_gpio_0_3 (xilinx.com:ip:axi_gpio:2.0) from (Rev. 17) to (Rev. 16)






Copyright 1986-2017 Xilinx, Inc. All Rights Reserved.
------------------------------------------------------------------------------------
| Tool Version : Vivado v.2017.3 (win64) Build 2018833 Wed Oct  4 19:58:22 MDT 2017
| Date         : Wed Apr  4 17:06:57 2018
| Host         : ensc-pit-16 running 64-bit major release  (build 9200)
| Command      : upgrade_ip
| Device       : xc7z020clg484-1
------------------------------------------------------------------------------------

Upgrade Log for IP 'design_1_axi_gpio_0_2'

1. Summary
----------

SUCCESS in the upgrade of design_1_axi_gpio_0_2 (xilinx.com:ip:axi_gpio:2.0) from (Rev. 17) to (Rev. 16)






Copyright 1986-2017 Xilinx, Inc. All Rights Reserved.
------------------------------------------------------------------------------------
| Tool Version : Vivado v.2017.3 (win64) Build 2018833 Wed Oct  4 19:58:22 MDT 2017
| Date         : Wed Apr  4 17:06:56 2018
| Host         : ensc-pit-16 running 64-bit major release  (build 9200)
| Command      : upgrade_ip
| Device       : xc7z020clg484-1
------------------------------------------------------------------------------------

Upgrade Log for IP 'design_1_axi_gpio_0_1'

1. Summary
----------

SUCCESS in the upgrade of design_1_axi_gpio_0_1 (xilinx.com:ip:axi_gpio:2.0) from (Rev. 17) to (Rev. 16)






Copyright 1986-2017 Xilinx, Inc. All Rights Reserved.
------------------------------------------------------------------------------------
| Tool Version : Vivado v.2017.3 (win64) Build 2018833 Wed Oct  4 19:58:22 MDT 2017
| Date         : Wed Apr  4 17:06:56 2018
| Host         : ensc-pit-16 running 64-bit major release  (build 9200)
| Command      : upgrade_ip
| Device       : xc7z020clg484-1
------------------------------------------------------------------------------------

Upgrade Log for IP 'design_1_axi_gpio_0_0'

1. Summary
----------

SUCCESS in the upgrade of design_1_axi_gpio_0_0 (xilinx.com:ip:axi_gpio:2.0) from (Rev. 17) to (Rev. 16)






Copyright 1986-2017 Xilinx, Inc. All Rights Reserved.
------------------------------------------------------------------------------------
| Tool Version : Vivado v.2017.4 (win64) Build 2086221 Fri Dec 15 20:55:39 MST 2017
| Date         : Mon Apr  2 19:23:48 2018
| Host         : GurKohliPC running 64-bit major release  (build 9200)
| Command      : upgrade_ip
| Device       : xc7z020clg484-1
------------------------------------------------------------------------------------

Upgrade Log for IP 'design_1_lms_filter_ipcore_0_0'

1. Summary
----------

SUCCESS in the conversion of design_1_lms_filter_ipcore_0_0 (xilinx.com:user:lms_filter_ipcore:1.0 (Rev. 2)) to Vivado generation flows.






Copyright 1986-2017 Xilinx, Inc. All Rights Reserved.
------------------------------------------------------------------------------------
| Tool Version : Vivado v.2017.4 (win64) Build 2086221 Fri Dec 15 20:55:39 MST 2017
| Date         : Wed Mar 28 16:47:18 2018
| Host         : GurKohliPC running 64-bit major release  (build 9200)
| Command      : upgrade_ip
| Device       : xc7z020clg484-1
------------------------------------------------------------------------------------

Upgrade Log for IP 'design_1_system_ila_0_0'

1. Summary
----------

SUCCESS in the upgrade of design_1_system_ila_0_0 (xilinx.com:ip:system_ila:1.1) to (Rev. 1)

After upgrade, an IP may have parameter and port differences compared to the original customization. Please review the parameters within the IP customization GUI to ensure proper functionality. Also, please review the updated IP instantiation template to ensure proper connectivity, and update your design if required.

2. Interface Information
------------------------

Detected external interface differences while upgrading 'design_1_system_ila_0_0'.



3. Connection Warnings
----------------------

Detected external port differences while upgrading 'design_1_system_ila_0_0'. These changes may impact your design.








Copyright 1986-2017 Xilinx, Inc. All Rights Reserved.
------------------------------------------------------------------------------------
| Tool Version : Vivado v.2017.4 (win64) Build 2086221 Fri Dec 15 20:55:39 MST 2017
| Date         : Wed Mar 28 16:47:18 2018
| Host         : GurKohliPC running 64-bit major release  (build 9200)
| Command      : upgrade_ip
| Device       : xc7z020clg484-1
------------------------------------------------------------------------------------

Upgrade Log for IP 'design_1_ps7_0_axi_periph_0'

1. Summary
----------

SUCCESS in the upgrade of design_1_ps7_0_axi_periph_0 (xilinx.com:ip:axi_interconnect:2.1) from (Rev. 15) to (Rev. 16)






Copyright 1986-2017 Xilinx, Inc. All Rights Reserved.
------------------------------------------------------------------------------------
| Tool Version : Vivado v.2017.3 (win64) Build 2018833 Wed Oct  4 19:58:22 MDT 2017
| Date         : Fri Mar 23 13:27:12 2018
| Host         : ensc-pit-16 running 64-bit major release  (build 9200)
| Command      : upgrade_ip
| Device       : xc7z020clg484-1
------------------------------------------------------------------------------------

Upgrade Log for IP 'design_1_system_ila_0_0'

1. Summary
----------

SUCCESS in the upgrade of design_1_system_ila_0_0 (xilinx.com:ip:system_ila:1.1) from (Rev. 1)

After upgrade, an IP may have parameter and port differences compared to the original customization. Please review the parameters within the IP customization GUI to ensure proper functionality. Also, please review the updated IP instantiation template to ensure proper connectivity, and update your design if required.

2. Interface Information
------------------------

Detected external interface differences while upgrading 'design_1_system_ila_0_0'.



3. Connection Warnings
----------------------

Detected external port differences while upgrading 'design_1_system_ila_0_0'. These changes may impact your design.








Copyright 1986-2017 Xilinx, Inc. All Rights Reserved.
------------------------------------------------------------------------------------
| Tool Version : Vivado v.2017.3 (win64) Build 2018833 Wed Oct  4 19:58:22 MDT 2017
| Date         : Fri Mar 23 13:27:12 2018
| Host         : ensc-pit-16 running 64-bit major release  (build 9200)
| Command      : upgrade_ip
| Device       : xc7z020clg484-1
------------------------------------------------------------------------------------

Upgrade Log for IP 'design_1_ps7_0_axi_periph_0'

1. Summary
----------

SUCCESS in the upgrade of design_1_ps7_0_axi_periph_0 (xilinx.com:ip:axi_interconnect:2.1) from (Rev. 16) to (Rev. 15)






Copyright 1986-2017 Xilinx, Inc. All Rights Reserved.
------------------------------------------------------------------------------------
| Tool Version : Vivado v.2017.4 (win64) Build 2086221 Fri Dec 15 20:55:39 MST 2017
| Date         : Tue Mar 13 19:02:44 2018
| Host         : GurKohliPC running 64-bit major release  (build 9200)
| Command      : upgrade_ip
| Device       : xc7z020clg484-1
------------------------------------------------------------------------------------

Upgrade Log for IP 'design_1_system_ila_0_0'

1. Summary
----------

SUCCESS in the upgrade of design_1_system_ila_0_0 (xilinx.com:ip:system_ila:1.1) to (Rev. 1)

After upgrade, an IP may have parameter and port differences compared to the original customization. Please review the parameters within the IP customization GUI to ensure proper functionality. Also, please review the updated IP instantiation template to ensure proper connectivity, and update your design if required.

2. Interface Information
------------------------

Detected external interface differences while upgrading 'design_1_system_ila_0_0'.



3. Connection Warnings
----------------------

Detected external port differences while upgrading 'design_1_system_ila_0_0'. These changes may impact your design.








Copyright 1986-2017 Xilinx, Inc. All Rights Reserved.
------------------------------------------------------------------------------------
| Tool Version : Vivado v.2017.4 (win64) Build 2086221 Fri Dec 15 20:55:39 MST 2017
| Date         : Tue Mar 13 19:02:44 2018
| Host         : GurKohliPC running 64-bit major release  (build 9200)
| Command      : upgrade_ip
| Device       : xc7z020clg484-1
------------------------------------------------------------------------------------

Upgrade Log for IP 'design_1_ps7_0_axi_periph_0'

1. Summary
----------

SUCCESS in the upgrade of design_1_ps7_0_axi_periph_0 (xilinx.com:ip:axi_interconnect:2.1) from (Rev. 15) to (Rev. 16)






Copyright 1986-2017 Xilinx, Inc. All Rights Reserved.
------------------------------------------------------------------------------------
| Tool Version : Vivado v.2017.3 (win64) Build 2018833 Wed Oct  4 19:58:22 MDT 2017
| Date         : Thu Mar  8 14:11:25 2018
| Host         : ensc-pit-16 running 64-bit major release  (build 9200)
| Command      : upgrade_ip
| Device       : xc7z020clg484-1
------------------------------------------------------------------------------------

Upgrade Log for IP 'design_1_system_ila_0_0'

1. Summary
----------

SUCCESS in the upgrade of design_1_system_ila_0_0 (xilinx.com:ip:system_ila:1.1) from (Rev. 1)

After upgrade, an IP may have parameter and port differences compared to the original customization. Please review the parameters within the IP customization GUI to ensure proper functionality. Also, please review the updated IP instantiation template to ensure proper connectivity, and update your design if required.

2. Interface Information
------------------------

Detected external interface differences while upgrading 'design_1_system_ila_0_0'.



3. Connection Warnings
----------------------

Detected external port differences while upgrading 'design_1_system_ila_0_0'. These changes may impact your design.








Copyright 1986-2017 Xilinx, Inc. All Rights Reserved.
------------------------------------------------------------------------------------
| Tool Version : Vivado v.2017.3 (win64) Build 2018833 Wed Oct  4 19:58:22 MDT 2017
| Date         : Thu Mar  8 14:11:25 2018
| Host         : ensc-pit-16 running 64-bit major release  (build 9200)
| Command      : upgrade_ip
| Device       : xc7z020clg484-1
------------------------------------------------------------------------------------

Upgrade Log for IP 'design_1_ps7_0_axi_periph_0'

1. Summary
----------

SUCCESS in the upgrade of design_1_ps7_0_axi_periph_0 (xilinx.com:ip:axi_interconnect:2.1) from (Rev. 16) to (Rev. 15)






Copyright 1986-2017 Xilinx, Inc. All Rights Reserved.
------------------------------------------------------------------------------------
| Tool Version : Vivado v.2017.4 (win64) Build 2086221 Fri Dec 15 20:55:39 MST 2017
| Date         : Wed Mar  7 19:19:42 2018
| Host         : GurKohliPC running 64-bit major release  (build 9200)
| Command      : upgrade_ip
| Device       : xc7z020clg484-1
------------------------------------------------------------------------------------

Upgrade Log for IP 'design_1_signal_multiplexer_0_0'

1. Summary
----------

SUCCESS in the conversion of design_1_signal_multiplexer_0_0 (xilinx.com:module_ref:signal_multiplexer:1.0 (Rev. 1)) to Vivado generation flows.






Copyright 1986-2017 Xilinx, Inc. All Rights Reserved.
------------------------------------------------------------------------------------
| Tool Version : Vivado v.2017.4 (win64) Build 2086221 Fri Dec 15 20:55:39 MST 2017
| Date         : Wed Mar  7 19:19:42 2018
| Host         : GurKohliPC running 64-bit major release  (build 9200)
| Command      : upgrade_ip
| Device       : xc7z020clg484-1
------------------------------------------------------------------------------------

Upgrade Log for IP 'design_1_ps7_0_axi_periph_0'

1. Summary
----------

SUCCESS in the upgrade of design_1_ps7_0_axi_periph_0 (xilinx.com:ip:axi_interconnect:2.1) from (Rev. 15) to (Rev. 16)






Copyright 1986-2017 Xilinx, Inc. All Rights Reserved.
------------------------------------------------------------------------------------
| Tool Version : Vivado v.2017.4 (win64) Build 2086221 Fri Dec 15 20:55:39 MST 2017
| Date         : Wed Mar  7 19:19:42 2018
| Host         : GurKohliPC running 64-bit major release  (build 9200)
| Command      : upgrade_ip
| Device       : xc7z020clg484-1
------------------------------------------------------------------------------------

Upgrade Log for IP 'design_1_pmod_i2s_0_2'

1. Summary
----------

SUCCESS in the conversion of design_1_pmod_i2s_0_2 (xilinx.com:module_ref:pmod_i2s:1.0 (Rev. 1)) to Vivado generation flows.






Copyright 1986-2017 Xilinx, Inc. All Rights Reserved.
------------------------------------------------------------------------------------
| Tool Version : Vivado v.2017.4 (win64) Build 2086221 Fri Dec 15 20:55:39 MST 2017
| Date         : Wed Mar  7 19:19:42 2018
| Host         : GurKohliPC running 64-bit major release  (build 9200)
| Command      : upgrade_ip
| Device       : xc7z020clg484-1
------------------------------------------------------------------------------------

Upgrade Log for IP 'design_1_AudioInOut16_v1_0_0_0'

1. Summary
----------

SUCCESS in the conversion of design_1_AudioInOut16_v1_0_0_0 (xilinx.com:module_ref:AudioInOut16_v1_0:1.0 (Rev. 1)) to Vivado generation flows.






Copyright 1986-2017 Xilinx, Inc. All Rights Reserved.
------------------------------------------------------------------------------------
| Tool Version : Vivado v.2017.3 (win64) Build 2018833 Wed Oct  4 19:58:22 MDT 2017
| Date         : Mon Feb 26 13:03:43 2018
| Host         : ensc-pit-24 running 64-bit major release  (build 9200)
| Command      : upgrade_ip
| Device       : xc7z020clg484-1
------------------------------------------------------------------------------------

Upgrade Log for IP 'design_1_ps7_0_axi_periph_0'

1. Summary
----------

SUCCESS in the upgrade of design_1_ps7_0_axi_periph_0 (xilinx.com:ip:axi_interconnect:2.1) from (Rev. 16) to (Rev. 15)






Copyright 1986-2017 Xilinx, Inc. All Rights Reserved.
------------------------------------------------------------------------------------
| Tool Version : Vivado v.2017.4 (win64) Build 2086221 Fri Dec 15 20:55:39 MST 2017
| Date         : Mon Feb 26 01:06:20 2018
| Host         : GurKohliPC running 64-bit major release  (build 9200)
| Command      : upgrade_ip
| Device       : xc7z020clg484-1
------------------------------------------------------------------------------------

Upgrade Log for IP 'design_1_rst_ps7_0_100M_0'

1. Summary
----------

SUCCESS in the conversion of design_1_rst_ps7_0_100M_0 (xilinx.com:ip:proc_sys_reset:5.0 (Rev. 12)) to Vivado generation flows.






Copyright 1986-2017 Xilinx, Inc. All Rights Reserved.
------------------------------------------------------------------------------------
| Tool Version : Vivado v.2017.4 (win64) Build 2086221 Fri Dec 15 20:55:39 MST 2017
| Date         : Mon Feb 26 01:06:20 2018
| Host         : GurKohliPC running 64-bit major release  (build 9200)
| Command      : upgrade_ip
| Device       : xc7z020clg484-1
------------------------------------------------------------------------------------

Upgrade Log for IP 'design_1_processing_system7_0_1'

1. Summary
----------

SUCCESS in the conversion of design_1_processing_system7_0_1 (xilinx.com:ip:processing_system7:5.5 (Rev. 6)) to Vivado generation flows.

2. Upgrade messages
-------------------

WARNING: upgrade cannot add parameter PCW_TRACE_INTERNAL_WIDTH with default value 32 : a parameter called PCW_TRACE_INTERNAL_WIDTH already exists in processing_system7_v5_5
WARNING: upgrade cannot add parameter PCW_USE_AXI_NONSECURE with default value 0 : a parameter called PCW_USE_AXI_NONSECURE already exists in processing_system7_v5_5
WARNING: upgrade cannot add parameter PCW_EN_PTP_ENET0 with default value 1 : a parameter called PCW_EN_PTP_ENET0 already exists in processing_system7_v5_5
WARNING: upgrade cannot add parameter PCW_EN_PTP_ENET0 with default value 1 : a parameter called PCW_EN_PTP_ENET0 already exists in processing_system7_v5_5
WARNING: upgrade cannot add parameter PCW_GP0_NUM_WRITE_THREADS with default value 4 : a parameter called PCW_GP0_NUM_WRITE_THREADS already exists in processing_system7_v5_5
WARNING: upgrade cannot add parameter PCW_GP0_NUM_READ_THREADS with default value 4 : a parameter called PCW_GP0_NUM_READ_THREADS already exists in processing_system7_v5_5
WARNING: upgrade cannot add parameter PCW_GP1_NUM_WRITE_THREADS with default value 4 : a parameter called PCW_GP1_NUM_WRITE_THREADS already exists in processing_system7_v5_5
WARNING: upgrade cannot add parameter PCW_GP1_NUM_READ_THREADS with default value 4 : a parameter called PCW_GP1_NUM_READ_THREADS already exists in processing_system7_v5_5
WARNING: upgrade cannot add parameter PCW_GP0_EN_MODIFIABLE_TXN with default value 0 : a parameter called PCW_GP0_EN_MODIFIABLE_TXN already exists in processing_system7_v5_5
WARNING: upgrade cannot add parameter PCW_GP1_EN_MODIFIABLE_TXN with default value 0 : a parameter called PCW_GP1_EN_MODIFIABLE_TXN already exists in processing_system7_v5_5

