#-----------------------------------------------------------
# Vivado v2017.3 (64-bit)
# SW Build 2018833 on Wed Oct  4 19:58:22 MDT 2017
# IP Build 2016188 on Wed Oct  4 21:52:56 MDT 2017
# Start of session at: Wed Apr  4 16:51:41 2018
# Process ID: 14436
# Current directory: U:/ENSC_452/adaptive_noise_cancellation-master
# Command line: vivado.exe -gui_launcher_event rodinguilauncherevent13228 U:\ENSC_452\adaptive_noise_cancellation-master\adaptive_noise_cancellation.xpr
# Log file: U:/ENSC_452/adaptive_noise_cancellation-master/vivado.log
# Journal file: U:/ENSC_452/adaptive_noise_cancellation-master\vivado.jou
#-----------------------------------------------------------
start_gui
open_project U:/ENSC_452/adaptive_noise_cancellation-master/adaptive_noise_cancellation.xpr
INFO: [Project 1-313] Project file moved from 'C:/Programming/Git/adaptive_noise_cancellation' since last save.
Scanning sources...
Finished scanning sources
CRITICAL WARNING: [Project 1-505] Unrecognized Option Name ProjectType
WARNING: [filemgmt 56-2] IP Repository Path: Could not find the directory 'U:/../zynq-book-master/adventures_with_ip_integrator/ip', nor could it be found using path 'C:/zynq-book-master/adventures_with_ip_integrator/ip'.
WARNING: [filemgmt 56-2] IP Repository Path: Could not find the directory 'U:/../zynq-book-master/hdl_coder_lms/hdl_prj/ipcore/lms_filter_ipcore_v1_0', nor could it be found using path 'C:/zynq-book-master/hdl_coder_lms/hdl_prj/ipcore/lms_filter_ipcore_v1_0'.
INFO: [IP_Flow 19-234] Refreshing IP repositories
WARNING: [IP_Flow 19-2248] Failed to load user IP repository 'u:zynq-book-master/adventures_with_ip_integrator/ip'; Can't find the specified path.
If this directory should no longer be in your list of user repositories, go to the IP Settings dialog and remove it.
WARNING: [IP_Flow 19-2248] Failed to load user IP repository 'u:zynq-book-master/hdl_coder_lms/hdl_prj/ipcore/lms_filter_ipcore_v1_0'; Can't find the specified path.
If this directory should no longer be in your list of user repositories, go to the IP Settings dialog and remove it.
INFO: [IP_Flow 19-2313] Loaded Vivado IP repository 'C:/Xilinx/Vivado/2017.3/data/ip'.
WARNING: [BD 41-1661] One or more IPs have been locked in the design 'design_1.bd'. Please run report_ip_status for more details and recommendations on how to fix this issue.
List of locked IPs:
design_1_lms_filter_ipcore_0_0
design_1_xbar_0
design_1_ps7_0_axi_periph_0
design_1_nco_0_2
design_1_axi_gpio_0_2
design_1_axi_gpio_0_0
design_1_axi_gpio_0_1
design_1_filter_output_left_0
design_1_axi_gpio_0_3
design_1_auto_pc_0

open_project: Time (s): cpu = 00:00:18 ; elapsed = 00:00:35 . Memory (MB): peak = 930.820 ; gain = 183.922
open_bd_design {U:/ENSC_452/adaptive_noise_cancellation-master/adaptive_noise_cancellation.srcs/sources_1/bd/design_1/design_1.bd}
Adding cell -- xilinx.com:module_ref:audio_top:1.0 - Audio_Codec
Adding cell -- xilinx.com:ip:processing_system7:5.5 - processing_system7_0
Adding cell -- xilinx.com:ip:proc_sys_reset:5.0 - rst_ps7_0_100M
Adding cell -- xilinx.com:ip:xlconstant:1.1 - Mic_Channel_Select
Adding cell -- xilinx.com:module_ref:AudioInOut16_v1_0:1.0 - Audio_AXI_Interface
Adding cell -- xilinx.com:hls:nco:1.0 - Numeric_Oscillator
Adding cell -- xilinx.com:ip:axi_gpio:2.0 - Filter_Output_Left
Adding cell -- xilinx.com:module_ref:source_mux:1.0 - Source_Multiplexer
Adding cell -- xilinx.com:module_ref:filter_control:1.0 - Filter_Multiplexer
Adding cell -- xilinx.com:ip:axi_gpio:2.0 - Filter_Output_Right
Adding cell -- xilinx.com:ip:axi_gpio:2.0 - Input_Source
Adding cell -- xilinx.com:ip:axi_gpio:2.0 - External_Mic_AXI_Intf
Adding cell -- xilinx.com:module_ref:pmod_i2s:1.0 - External_Mic_I2S
Adding cell -- xilinx.com:ip:axi_gpio:2.0 - Noise_Source_Select_SW
Adding cell -- xilinx.com:user:lms_filter_ipcore:1.0 - LMS_Filter
WARNING: [BD 41-1731] Type mismatch between connected pins: /processing_system7_0/FCLK_CLK0(clk) and /Audio_Codec/clk_100(undef)
WARNING: [BD 41-1731] Type mismatch between connected pins: /processing_system7_0/FCLK_CLK0(clk) and /Audio_AXI_Interface/CLK_100(undef)
Adding cell -- xilinx.com:ip:axi_crossbar:2.1 - xbar
Adding cell -- xilinx.com:ip:axi_protocol_converter:2.1 - auto_pc
Successfully read diagram <design_1> from BD file <U:/ENSC_452/adaptive_noise_cancellation-master/adaptive_noise_cancellation.srcs/sources_1/bd/design_1/design_1.bd>
open_bd_design: Time (s): cpu = 00:00:12 ; elapsed = 00:00:18 . Memory (MB): peak = 961.836 ; gain = 21.949
report_ip_status -name ip_status 
update_compile_order -fileset sources_1
set_property  ip_repo_paths  {u:zynq-book-master/adventures_with_ip_integrator/ip u:zynq-book-master/hdl_coder_lms/hdl_prj/ipcore/lms_filter_ipcore_v1_0 U:/ENSC_452/adaptive_noise_cancellation-master/adaptive_noise_cancellation.srcs/sources_1/bd/design_1/ip} [current_project]
update_ip_catalog
INFO: [IP_Flow 19-234] Refreshing IP repositories
WARNING: [IP_Flow 19-2248] Failed to load user IP repository 'u:/ENSC_452/adaptive_noise_cancellation-master/zynq-book-master/adventures_with_ip_integrator/ip'; Can't find the specified path.
If this directory should no longer be in your list of user repositories, go to the IP Settings dialog and remove it.
WARNING: [IP_Flow 19-2248] Failed to load user IP repository 'u:/ENSC_452/adaptive_noise_cancellation-master/zynq-book-master/hdl_coder_lms/hdl_prj/ipcore/lms_filter_ipcore_v1_0'; Can't find the specified path.
If this directory should no longer be in your list of user repositories, go to the IP Settings dialog and remove it.
INFO: [IP_Flow 19-1700] Loaded user IP repository 'u:/ENSC_452/adaptive_noise_cancellation-master/adaptive_noise_cancellation.srcs/sources_1/bd/design_1/ip'.
set_property  ip_repo_paths  {u:/ENSC_452/adaptive_noise_cancellation-master/zynq-book-master/adventures_with_ip_integrator/ip u:/ENSC_452/adaptive_noise_cancellation-master/zynq-book-master/hdl_coder_lms/hdl_prj/ipcore/lms_filter_ipcore_v1_0} [current_project]
update_ip_catalog
INFO: [IP_Flow 19-234] Refreshing IP repositories
WARNING: [IP_Flow 19-2248] Failed to load user IP repository 'u:/ENSC_452/adaptive_noise_cancellation-master/zynq-book-master/adventures_with_ip_integrator/ip'; Can't find the specified path.
If this directory should no longer be in your list of user repositories, go to the IP Settings dialog and remove it.
WARNING: [IP_Flow 19-2248] Failed to load user IP repository 'u:/ENSC_452/adaptive_noise_cancellation-master/zynq-book-master/hdl_coder_lms/hdl_prj/ipcore/lms_filter_ipcore_v1_0'; Can't find the specified path.
If this directory should no longer be in your list of user repositories, go to the IP Settings dialog and remove it.
set_property  ip_repo_paths  {} [current_project]
update_ip_catalog
INFO: [IP_Flow 19-234] Refreshing IP repositories
INFO: [IP_Flow 19-1704] No user IP repositories specified
set_property  ip_repo_paths  U:/ENSC_452/adaptive_noise_cancellation-master/filter_ips [current_project]
update_ip_catalog
INFO: [IP_Flow 19-234] Refreshing IP repositories
INFO: [IP_Flow 19-1700] Loaded user IP repository 'u:/ENSC_452/adaptive_noise_cancellation-master/filter_ips'.
report_ip_status -name ip_status 
open_bd_design {U:/ENSC_452/adaptive_noise_cancellation-master/adaptive_noise_cancellation.srcs/sources_1/bd/design_1/design_1.bd}
upgrade_ip [get_ips  {design_1_filter_output_left_0 design_1_axi_gpio_0_0 design_1_axi_gpio_0_3 design_1_axi_gpio_0_2 design_1_axi_gpio_0_1 design_1_ps7_0_axi_periph_0}] -log ip_upgrade.log
Upgrading 'U:/ENSC_452/adaptive_noise_cancellation-master/adaptive_noise_cancellation.srcs/sources_1/bd/design_1/design_1.bd'
INFO: [IP_Flow 19-3422] Upgraded design_1_axi_gpio_0_0 (AXI GPIO 2.0) from revision 17 to revision 16
INFO: [IP_Flow 19-3422] Upgraded design_1_axi_gpio_0_1 (AXI GPIO 2.0) from revision 17 to revision 16
INFO: [IP_Flow 19-3422] Upgraded design_1_axi_gpio_0_2 (AXI GPIO 2.0) from revision 17 to revision 16
INFO: [IP_Flow 19-3422] Upgraded design_1_axi_gpio_0_3 (AXI GPIO 2.0) from revision 17 to revision 16
INFO: [IP_Flow 19-3422] Upgraded design_1_filter_output_left_0 (AXI GPIO 2.0) from revision 17 to revision 16
INFO: [IP_Flow 19-3422] Upgraded design_1_ps7_0_axi_periph_0 (AXI Interconnect 2.1) from revision 16 to revision 15
CRITICAL WARNING: [filemgmt 20-1366] Unable to reset target(s) for the following file is locked: U:/ENSC_452/adaptive_noise_cancellation-master/adaptive_noise_cancellation.srcs/sources_1/bd/design_1/design_1.bd
Locked reason: 
* Block design contains locked IPs. Please run report_ip_status for more details and recommendations on how to fix this issue. 
List of locked IPs: 
design_1_lms_filter_ipcore_0_0
design_1_nco_0_2

Wrote  : <U:/ENSC_452/adaptive_noise_cancellation-master/adaptive_noise_cancellation.srcs/sources_1/bd/design_1/design_1.bd> 
Wrote  : <U:/ENSC_452/adaptive_noise_cancellation-master/adaptive_noise_cancellation.srcs/sources_1/bd/design_1/ui/bd_1f5defd0.ui> 
INFO: [Coretcl 2-1525] Wrote upgrade log to 'U:/ENSC_452/adaptive_noise_cancellation-master/ip_upgrade.log'.
upgrade_ip: Time (s): cpu = 00:00:05 ; elapsed = 00:00:10 . Memory (MB): peak = 1072.176 ; gain = 0.000
export_ip_user_files -of_objects [get_ips {design_1_filter_output_left_0 design_1_axi_gpio_0_0 design_1_axi_gpio_0_3 design_1_axi_gpio_0_2 design_1_axi_gpio_0_1 design_1_ps7_0_axi_periph_0}] -no_script -sync -force -quiet
report_ip_status -name ip_status 
exit
INFO: [Common 17-206] Exiting Vivado at Wed Apr  4 17:07:55 2018...
