#-----------------------------------------------------------
# Vivado v2017.3 (64-bit)
# SW Build 2018833 on Wed Oct  4 19:58:22 MDT 2017
# IP Build 2016188 on Wed Oct  4 21:52:56 MDT 2017
# Start of session at: Wed Apr  4 19:26:42 2018
# Process ID: 9408
# Current directory: U:/ENSC_452/adaptive_noise_cancellation-master/adaptive_noise_cancellation-master
# Command line: vivado.exe -gui_launcher_event rodinguilauncherevent10516 U:\ENSC_452\adaptive_noise_cancellation-master\adaptive_noise_cancellation-master\adaptive_noise_cancellation.xpr
# Log file: U:/ENSC_452/adaptive_noise_cancellation-master/adaptive_noise_cancellation-master/vivado.log
# Journal file: U:/ENSC_452/adaptive_noise_cancellation-master/adaptive_noise_cancellation-master\vivado.jou
#-----------------------------------------------------------
start_gui
open_project U:/ENSC_452/adaptive_noise_cancellation-master/adaptive_noise_cancellation-master/adaptive_noise_cancellation.xpr
INFO: [ProjectBase 1-489] The host OS only allows 260 characters in a normal path. The project is stored in a path with more than 80 characters. If you experience issues with IP, Block Designs, or files not being found, please consider moving the project to a location with a shorter path. Alternately consider using the OS subst command to map part of the path to a drive letter.
Current project path is 'U:/ENSC_452/adaptive_noise_cancellation-master/adaptive_noise_cancellation-master'
INFO: [Project 1-313] Project file moved from 'U:/ENSC_452/adaptive_noise_cancellation-master' since last save.
Scanning sources...
Finished scanning sources
WARNING: [filemgmt 56-2] IP Repository Path: Could not find the directory 'U:/ENSC_452/adaptive_noise_cancellation-master/adaptive_noise_cancellation-master/filter_ips', nor could it be found using path 'U:/ENSC_452/adaptive_noise_cancellation-master/filter_ips'.
INFO: [IP_Flow 19-234] Refreshing IP repositories
WARNING: [IP_Flow 19-2248] Failed to load user IP repository 'u:/ENSC_452/adaptive_noise_cancellation-master/adaptive_noise_cancellation-master/filter_ips'; Can't find the specified path.
If this directory should no longer be in your list of user repositories, go to the IP Settings dialog and remove it.
INFO: [IP_Flow 19-2313] Loaded Vivado IP repository 'C:/Xilinx/Vivado/2017.3/data/ip'.
WARNING: [BD 41-1661] One or more IPs have been locked in the design 'design_1.bd'. Please run report_ip_status for more details and recommendations on how to fix this issue.
List of locked IPs:
design_1_nco_0_2
design_1_lms_filter_ipcore_0_0

open_project: Time (s): cpu = 00:00:18 ; elapsed = 00:00:43 . Memory (MB): peak = 933.125 ; gain = 194.691
open_bd_design {U:/ENSC_452/adaptive_noise_cancellation-master/adaptive_noise_cancellation-master/adaptive_noise_cancellation.srcs/sources_1/bd/design_1/design_1.bd}
Adding cell -- xilinx.com:module_ref:audio_top:1.0 - Audio_Codec
Adding cell -- xilinx.com:ip:processing_system7:5.5 - processing_system7_0
Adding cell -- xilinx.com:ip:proc_sys_reset:5.0 - rst_ps7_0_100M
Adding cell -- xilinx.com:ip:xlconstant:1.1 - Mic_Channel_Select
Adding cell -- xilinx.com:module_ref:AudioInOut16_v1_0:1.0 - Audio_AXI_Interface
Adding cell -- xilinx.com:hls:nco:1.0 - Numeric_Oscillator
Adding cell -- xilinx.com:module_ref:source_mux:1.0 - Source_Multiplexer
Adding cell -- xilinx.com:module_ref:filter_control:1.0 - Filter_Multiplexer
Adding cell -- xilinx.com:module_ref:pmod_i2s:1.0 - External_Mic_I2S
Adding cell -- xilinx.com:user:lms_filter_ipcore:1.0 - LMS_Filter
Adding cell -- xilinx.com:ip:axi_gpio:2.0 - Filter_Output_Left
Adding cell -- xilinx.com:ip:axi_gpio:2.0 - Input_Source
Adding cell -- xilinx.com:ip:axi_gpio:2.0 - External_Mic_AXI_Intf
Adding cell -- xilinx.com:ip:axi_gpio:2.0 - Noise_Source_Select_SW
Adding cell -- xilinx.com:ip:axi_gpio:2.0 - Filter_Output_Right
WARNING: [BD 41-1731] Type mismatch between connected pins: /processing_system7_0/FCLK_CLK0(clk) and /Audio_Codec/clk_100(undef)
WARNING: [BD 41-1731] Type mismatch between connected pins: /processing_system7_0/FCLK_CLK0(clk) and /Audio_AXI_Interface/CLK_100(undef)
Adding cell -- xilinx.com:ip:axi_crossbar:2.1 - xbar
Successfully read diagram <design_1> from BD file <U:/ENSC_452/adaptive_noise_cancellation-master/adaptive_noise_cancellation-master/adaptive_noise_cancellation.srcs/sources_1/bd/design_1/design_1.bd>
open_bd_design: Time (s): cpu = 00:00:09 ; elapsed = 00:00:17 . Memory (MB): peak = 954.527 ; gain = 21.402
set_property  ip_repo_paths  {} [current_project]
update_ip_catalog
INFO: [IP_Flow 19-234] Refreshing IP repositories
INFO: [IP_Flow 19-1704] No user IP repositories specified
update_ip_catalog -rebuild
INFO: [IP_Flow 19-234] Refreshing IP repositories
INFO: [IP_Flow 19-1704] No user IP repositories specified
update_compile_order -fileset sources_1
set_property  ip_repo_paths  U:/ENSC_452/adaptive_noise_cancellation-master/adaptive_noise_cancellation-master/IP_Repository [current_project]
update_ip_catalog
INFO: [IP_Flow 19-234] Refreshing IP repositories
INFO: [IP_Flow 19-1700] Loaded user IP repository 'u:/ENSC_452/adaptive_noise_cancellation-master/adaptive_noise_cancellation-master/IP_Repository'.
open_bd_design {U:/ENSC_452/adaptive_noise_cancellation-master/adaptive_noise_cancellation-master/adaptive_noise_cancellation.srcs/sources_1/bd/design_1/design_1.bd}
update_ip_catalog -rebuild
INFO: [IP_Flow 19-234] Refreshing IP repositories
INFO: [IP_Flow 19-1700] Loaded user IP repository 'u:/ENSC_452/adaptive_noise_cancellation-master/adaptive_noise_cancellation-master/IP_Repository'.
startgroup
create_bd_cell -type ip -vlnv tamu.edu:user:ZedboardOLED:1.0 ZedboardOLED_0
endgroup
apply_bd_automation -rule xilinx.com:bd_rule:axi4 -config {Master "/processing_system7_0/M_AXI_GP0" intc_ip "/ps7_0_axi_periph" Clk_xbar "Auto" Clk_master "Auto" Clk_slave "Auto" }  [get_bd_intf_pins ZedboardOLED_0/S00_AXI]
</ZedboardOLED_0/S00_AXI/S00_AXI_reg> is being mapped into </processing_system7_0/Data> at <0x43C30000 [ 64K ]>
startgroup
make_bd_pins_external  [get_bd_pins ZedboardOLED_0/SDIN]
endgroup
startgroup
make_bd_pins_external  [get_bd_pins ZedboardOLED_0/SCLK]
endgroup
startgroup
make_bd_pins_external  [get_bd_pins ZedboardOLED_0/DC]
endgroup
startgroup
make_bd_pins_external  [get_bd_pins ZedboardOLED_0/RES]
endgroup
startgroup
make_bd_pins_external  [get_bd_pins ZedboardOLED_0/VBAT]
endgroup
startgroup
make_bd_pins_external  [get_bd_pins ZedboardOLED_0/VDD]
endgroup
set_property name SDIN [get_bd_ports SDIN_0]
set_property name SCLK [get_bd_ports SCLK_0]
set_property name DC [get_bd_ports DC_0]
set_property name RES [get_bd_ports RES_0]
set_property name VBAT [get_bd_ports VBAT_0]
set_property name VDD [get_bd_ports VDD_0]
save_bd_design
Wrote  : <U:/ENSC_452/adaptive_noise_cancellation-master/adaptive_noise_cancellation-master/adaptive_noise_cancellation.srcs/sources_1/bd/design_1/design_1.bd> 
Wrote  : <U:/ENSC_452/adaptive_noise_cancellation-master/adaptive_noise_cancellation-master/adaptive_noise_cancellation.srcs/sources_1/bd/design_1/ui/bd_1f5defd0.ui> 
regenerate_bd_layout
save_bd_design
Wrote  : <U:/ENSC_452/adaptive_noise_cancellation-master/adaptive_noise_cancellation-master/adaptive_noise_cancellation.srcs/sources_1/bd/design_1/ui/bd_1f5defd0.ui> 
reset_run synth_1
launch_runs impl_1 -to_step write_bitstream -jobs 8
WARNING: [Runs 36-337] The following IPs are either missing output products or output products are not up-to-date for Synthesis target. Since these IPs are locked, no update to the output products can be done. 
Please select 'Report IP Status' from the 'Tools/Report' menu or run Tcl command 'report_ip_status' for more information.
U:/ENSC_452/adaptive_noise_cancellation-master/adaptive_noise_cancellation-master/adaptive_noise_cancellation.srcs/sources_1/bd/design_1/design_1.bd

WARNING: [Runs 36-337] The following IPs are either missing output products or output products are not up-to-date for Implementation target. Since these IPs are locked, no update to the output products can be done. 
Please select 'Report IP Status' from the 'Tools/Report' menu or run Tcl command 'report_ip_status' for more information.
U:/ENSC_452/adaptive_noise_cancellation-master/adaptive_noise_cancellation-master/adaptive_noise_cancellation.srcs/sources_1/bd/design_1/design_1.bd

[Wed Apr  4 19:33:01 2018] Launched synth_1...
Run output will be captured here: U:/ENSC_452/adaptive_noise_cancellation-master/adaptive_noise_cancellation-master/adaptive_noise_cancellation.runs/synth_1/runme.log
[Wed Apr  4 19:33:01 2018] Launched impl_1...
Run output will be captured here: U:/ENSC_452/adaptive_noise_cancellation-master/adaptive_noise_cancellation-master/adaptive_noise_cancellation.runs/impl_1/runme.log
launch_runs: Time (s): cpu = 00:00:01 ; elapsed = 00:00:07 . Memory (MB): peak = 1060.949 ; gain = 0.000
INFO: [Vivado 12-4158] Exported Hardware file is out of date. Exported hardware information may be inconsistent with respect to the current state of the design. It is recommended that you re-export the design and launch SDK otherwise SDK is launched with out of date hardware system file.
launch_sdk -workspace U:/ENSC_452/adaptive_noise_cancellation-master/adaptive_noise_cancellation-master/adaptive_noise_cancellation.sdk -hwspec U:/ENSC_452/adaptive_noise_cancellation-master/adaptive_noise_cancellation-master/adaptive_noise_cancellation.sdk/design_1_wrapper.hdf
INFO: [Vivado 12-393] Launching SDK...
INFO: [Vivado 12-417] Running xsdk -workspace U:/ENSC_452/adaptive_noise_cancellation-master/adaptive_noise_cancellation-master/adaptive_noise_cancellation.sdk -hwspec U:/ENSC_452/adaptive_noise_cancellation-master/adaptive_noise_cancellation-master/adaptive_noise_cancellation.sdk/design_1_wrapper.hdf
INFO: [Vivado 12-3157] SDK launch initiated. Please check console for any further messages.
delete_bd_objs [get_bd_intf_nets ps7_0_axi_periph_M08_AXI] [get_bd_nets ZedboardOLED_0_SDIN] [get_bd_nets ZedboardOLED_0_SCLK] [get_bd_nets ZedboardOLED_0_DC] [get_bd_nets ZedboardOLED_0_RES] [get_bd_nets ZedboardOLED_0_VBAT] [get_bd_nets ZedboardOLED_0_VDD] [get_bd_cells ZedboardOLED_0]
report_ip_status -name ip_status 
open_bd_design {U:/ENSC_452/adaptive_noise_cancellation-master/adaptive_noise_cancellation-master/adaptive_noise_cancellation.srcs/sources_1/bd/design_1/design_1.bd}
update_ip_catalog -rebuild -repo_path u:/ENSC_452/adaptive_noise_cancellation-master/adaptive_noise_cancellation-master/IP_Repository
INFO: [IP_Flow 19-725] Reloaded user IP repository 'u:/ENSC_452/adaptive_noise_cancellation-master/adaptive_noise_cancellation-master/IP_Repository'
set_property USED_IN {synthesis implementation simulation} [get_files U:/ENSC_452/adaptive_noise_cancellation-master/adaptive_noise_cancellation-master/adaptive_noise_cancellation.srcs/sources_1/bd/design_1/design_1.bd]
set_property SYNTH_CHECKPOINT_MODE Hierarchical [get_files U:/ENSC_452/adaptive_noise_cancellation-master/adaptive_noise_cancellation-master/adaptive_noise_cancellation.srcs/sources_1/bd/design_1/design_1.bd]
set_property SYNTH_CHECKPOINT_MODE None [get_files U:/ENSC_452/adaptive_noise_cancellation-master/adaptive_noise_cancellation-master/adaptive_noise_cancellation.srcs/sources_1/bd/design_1/design_1.bd]
save_bd_design
Wrote  : <U:/ENSC_452/adaptive_noise_cancellation-master/adaptive_noise_cancellation-master/adaptive_noise_cancellation.srcs/sources_1/bd/design_1/design_1.bd> 
Wrote  : <U:/ENSC_452/adaptive_noise_cancellation-master/adaptive_noise_cancellation-master/adaptive_noise_cancellation.srcs/sources_1/bd/design_1/ui/bd_1f5defd0.ui> 
reset_run synth_1
launch_runs synth_1 -jobs 8
WARNING: [filemgmt 20-1318] Duplicate Design Unit 'design_1_ps7_0_axi_periph_0' found in library 'xil_defaultlib'
WARNING: [Runs 36-337] The following IPs are either missing output products or output products are not up-to-date for Synthesis target. Since these IPs are locked, no update to the output products can be done. 
Please select 'Report IP Status' from the 'Tools/Report' menu or run Tcl command 'report_ip_status' for more information.
U:/ENSC_452/adaptive_noise_cancellation-master/adaptive_noise_cancellation-master/adaptive_noise_cancellation.srcs/sources_1/bd/design_1/design_1.bd

WARNING: [Runs 36-337] The following IPs are either missing output products or output products are not up-to-date for Implementation target. Since these IPs are locked, no update to the output products can be done. 
Please select 'Report IP Status' from the 'Tools/Report' menu or run Tcl command 'report_ip_status' for more information.
U:/ENSC_452/adaptive_noise_cancellation-master/adaptive_noise_cancellation-master/adaptive_noise_cancellation.srcs/sources_1/bd/design_1/design_1.bd

[Wed Apr  4 19:41:08 2018] Launched synth_1...
Run output will be captured here: U:/ENSC_452/adaptive_noise_cancellation-master/adaptive_noise_cancellation-master/adaptive_noise_cancellation.runs/synth_1/runme.log
launch_runs: Time (s): cpu = 00:00:00 ; elapsed = 00:00:13 . Memory (MB): peak = 1090.363 ; gain = 0.000
reset_run synth_1
exit
INFO: [Common 17-206] Exiting Vivado at Wed Apr  4 19:41:25 2018...
