INFO: [VRFC 10-163] Analyzing VHDL file "U:/ENSC_452/adaptive_noise_cancellation/adaptive_noise_cancellation.sim/sim_1/impl/func/xsim/design_1_wrapper_func_impl.vhd" into library xil_defaultlib
INFO: [VRFC 10-307] analyzing entity ADAU1761_interface
INFO: [VRFC 10-307] analyzing entity adau1761_configuraiton_data
INFO: [VRFC 10-307] analyzing entity axi_crossbar_v2_1_15_decerr_slave
INFO: [VRFC 10-307] analyzing entity axi_crossbar_v2_1_15_si_transactor
INFO: [VRFC 10-307] analyzing entity \axi_crossbar_v2_1_15_si_transactor__parameterized0\
INFO: [VRFC 10-307] analyzing entity axi_crossbar_v2_1_15_splitter
INFO: [VRFC 10-307] analyzing entity axi_crossbar_v2_1_15_splitter_54
INFO: [VRFC 10-307] analyzing entity axi_data_fifo_v2_1_13_axic_reg_srl_fifo
INFO: [VRFC 10-307] analyzing entity axi_data_fifo_v2_1_13_axic_reg_srl_fifo_56
INFO: [VRFC 10-307] analyzing entity axi_data_fifo_v2_1_13_ndeep_srl_61
INFO: [VRFC 10-307] analyzing entity axi_data_fifo_v2_1_13_ndeep_srl_62
INFO: [VRFC 10-307] analyzing entity axi_data_fifo_v2_1_13_ndeep_srl_63
INFO: [VRFC 10-307] analyzing entity \axi_data_fifo_v2_1_13_ndeep_srl__parameterized0\
INFO: [VRFC 10-307] analyzing entity \axi_data_fifo_v2_1_13_ndeep_srl__parameterized0_69\
INFO: [VRFC 10-307] analyzing entity axi_datamover_fifo
INFO: [VRFC 10-307] analyzing entity axi_datamover_fifo_87
INFO: [VRFC 10-307] analyzing entity \axi_datamover_fifo__parameterized0\
INFO: [VRFC 10-307] analyzing entity \axi_datamover_fifo__parameterized4\
INFO: [VRFC 10-307] analyzing entity axi_datamover_ibttcc
INFO: [VRFC 10-307] analyzing entity axi_datamover_mssai_skid_buf
INFO: [VRFC 10-307] analyzing entity axi_datamover_pcc
INFO: [VRFC 10-307] analyzing entity axi_datamover_rd_status_cntl
INFO: [VRFC 10-307] analyzing entity axi_datamover_reset
INFO: [VRFC 10-307] analyzing entity axi_datamover_reset_85
INFO: [VRFC 10-307] analyzing entity axi_datamover_skid2mm_buf
INFO: [VRFC 10-307] analyzing entity axi_datamover_skid_buf
INFO: [VRFC 10-307] analyzing entity axi_datamover_skid_buf_84
INFO: [VRFC 10-307] analyzing entity \axi_datamover_skid_buf__parameterized0\
INFO: [VRFC 10-307] analyzing entity axi_datamover_slice
INFO: [VRFC 10-307] analyzing entity axi_dma_lite_if
INFO: [VRFC 10-307] analyzing entity axi_dma_mm2s_cmdsts_if
INFO: [VRFC 10-307] analyzing entity axi_dma_mm2s_sts_mngr
INFO: [VRFC 10-307] analyzing entity axi_dma_register
INFO: [VRFC 10-307] analyzing entity axi_dma_register_s2mm
INFO: [VRFC 10-307] analyzing entity axi_dma_reset
INFO: [VRFC 10-307] analyzing entity axi_dma_reset_72
INFO: [VRFC 10-307] analyzing entity axi_dma_s2mm_cmdsts_if
INFO: [VRFC 10-307] analyzing entity axi_dma_s2mm_sts_mngr
INFO: [VRFC 10-307] analyzing entity axi_dma_smple_sm
INFO: [VRFC 10-307] analyzing entity axi_dma_smple_sm_102
INFO: [VRFC 10-307] analyzing entity axi_dwidth_converter_v2_1_14_r_upsizer
INFO: [VRFC 10-307] analyzing entity axi_dwidth_converter_v2_1_14_w_upsizer
INFO: [VRFC 10-307] analyzing entity axi_protocol_converter_v2_1_14_b2s_incr_cmd
INFO: [VRFC 10-307] analyzing entity axi_protocol_converter_v2_1_14_b2s_incr_cmd_3
INFO: [VRFC 10-307] analyzing entity axi_protocol_converter_v2_1_14_b2s_rd_cmd_fsm
INFO: [VRFC 10-307] analyzing entity axi_protocol_converter_v2_1_14_b2s_simple_fifo
INFO: [VRFC 10-307] analyzing entity \axi_protocol_converter_v2_1_14_b2s_simple_fifo__parameterized0\
INFO: [VRFC 10-307] analyzing entity \axi_protocol_converter_v2_1_14_b2s_simple_fifo__parameterized1\
INFO: [VRFC 10-307] analyzing entity \axi_protocol_converter_v2_1_14_b2s_simple_fifo__parameterized2\
INFO: [VRFC 10-307] analyzing entity axi_protocol_converter_v2_1_14_b2s_wr_cmd_fsm
INFO: [VRFC 10-307] analyzing entity axi_protocol_converter_v2_1_14_b2s_wrap_cmd
INFO: [VRFC 10-307] analyzing entity axi_protocol_converter_v2_1_14_b2s_wrap_cmd_4
INFO: [VRFC 10-307] analyzing entity axi_protocol_converter_v2_1_14_b_downsizer
INFO: [VRFC 10-307] analyzing entity axi_protocol_converter_v2_1_14_w_axi3_conv
INFO: [VRFC 10-307] analyzing entity axi_register_slice_v2_1_14_axic_register_slice
INFO: [VRFC 10-307] analyzing entity axi_register_slice_v2_1_14_axic_register_slice_30
INFO: [VRFC 10-307] analyzing entity \axi_register_slice_v2_1_14_axic_register_slice__parameterized10\
INFO: [VRFC 10-307] analyzing entity \axi_register_slice_v2_1_14_axic_register_slice__parameterized10_1\
INFO: [VRFC 10-307] analyzing entity \axi_register_slice_v2_1_14_axic_register_slice__parameterized12\
INFO: [VRFC 10-307] analyzing entity \axi_register_slice_v2_1_14_axic_register_slice__parameterized13\
INFO: [VRFC 10-307] analyzing entity \axi_register_slice_v2_1_14_axic_register_slice__parameterized2\
INFO: [VRFC 10-307] analyzing entity \axi_register_slice_v2_1_14_axic_register_slice__parameterized8\
INFO: [VRFC 10-307] analyzing entity \axi_register_slice_v2_1_14_axic_register_slice__parameterized8_64\
INFO: [VRFC 10-307] analyzing entity \axi_register_slice_v2_1_14_axic_register_slice__parameterized8_66\
INFO: [VRFC 10-307] analyzing entity \axi_register_slice_v2_1_14_axic_register_slice__parameterized9\
INFO: [VRFC 10-307] analyzing entity \axi_register_slice_v2_1_14_axic_register_slice__parameterized9_67\
INFO: [VRFC 10-307] analyzing entity cdc_sync
INFO: [VRFC 10-307] analyzing entity cdc_sync_73
INFO: [VRFC 10-307] analyzing entity \cdc_sync__parameterized0\
INFO: [VRFC 10-307] analyzing entity \cdc_sync__parameterized0_0\
INFO: [VRFC 10-307] analyzing entity clocking
INFO: [VRFC 10-307] analyzing entity cntr_incr_decr_addn_f
INFO: [VRFC 10-307] analyzing entity cntr_incr_decr_addn_f_75
INFO: [VRFC 10-307] analyzing entity cntr_incr_decr_addn_f_76
INFO: [VRFC 10-307] analyzing entity cntr_incr_decr_addn_f_86
INFO: [VRFC 10-307] analyzing entity cntr_incr_decr_addn_f_91
INFO: [VRFC 10-307] analyzing entity cntr_incr_decr_addn_f_93
INFO: [VRFC 10-307] analyzing entity \cntr_incr_decr_addn_f__parameterized0\
INFO: [VRFC 10-307] analyzing entity \cntr_incr_decr_addn_f__parameterized0_74\
INFO: [VRFC 10-307] analyzing entity \cntr_incr_decr_addn_f__parameterized1\
INFO: [VRFC 10-307] analyzing entity dynshreg_f
INFO: [VRFC 10-307] analyzing entity dynshreg_f_92
INFO: [VRFC 10-307] analyzing entity \dynshreg_f__parameterized0\
INFO: [VRFC 10-307] analyzing entity \dynshreg_f__parameterized2\
INFO: [VRFC 10-307] analyzing entity \dynshreg_f__parameterized3\
INFO: [VRFC 10-307] analyzing entity \dynshreg_f__parameterized4\
INFO: [VRFC 10-307] analyzing entity \dynshreg_f__parameterized5\
INFO: [VRFC 10-307] analyzing entity \dynshreg_f__parameterized6\
INFO: [VRFC 10-307] analyzing entity generic_baseblocks_v2_1_0_command_fifo
INFO: [VRFC 10-307] analyzing entity generic_baseblocks_v2_1_0_command_fifo_31
INFO: [VRFC 10-307] analyzing entity \generic_baseblocks_v2_1_0_mux_enc__parameterized2\
INFO: [VRFC 10-307] analyzing entity \generic_baseblocks_v2_1_0_mux_enc__parameterized2_70\
INFO: [VRFC 10-307] analyzing entity i2s_data_interface
INFO: [VRFC 10-307] analyzing entity i3c2
INFO: [VRFC 10-307] analyzing entity processing_system7_v5_5_processing_system7
INFO: [VRFC 10-307] analyzing entity signal_multiplexer
INFO: [VRFC 10-307] analyzing entity upcnt_n
INFO: [VRFC 10-307] analyzing entity xpm_cdc_async_rst
INFO: [VRFC 10-307] analyzing entity \xpm_cdc_async_rst__3\
INFO: [VRFC 10-307] analyzing entity \xpm_cdc_async_rst__4\
INFO: [VRFC 10-307] analyzing entity xpm_cdc_sync_rst
INFO: [VRFC 10-307] analyzing entity \xpm_cdc_sync_rst__2\
INFO: [VRFC 10-307] analyzing entity \xpm_counter_updn__parameterized1\
INFO: [VRFC 10-307] analyzing entity \xpm_counter_updn__parameterized1_94\
INFO: [VRFC 10-307] analyzing entity \xpm_counter_updn__parameterized2\
INFO: [VRFC 10-307] analyzing entity \xpm_counter_updn__parameterized2_81\
INFO: [VRFC 10-307] analyzing entity \xpm_counter_updn__parameterized2_95\
INFO: [VRFC 10-307] analyzing entity \xpm_counter_updn__parameterized2_98\
INFO: [VRFC 10-307] analyzing entity \xpm_counter_updn__parameterized3\
INFO: [VRFC 10-307] analyzing entity \xpm_counter_updn__parameterized3_82\
INFO: [VRFC 10-307] analyzing entity \xpm_counter_updn__parameterized3_96\
INFO: [VRFC 10-307] analyzing entity \xpm_counter_updn__parameterized3_99\
INFO: [VRFC 10-307] analyzing entity \xpm_counter_updn__parameterized6\
INFO: [VRFC 10-307] analyzing entity \xpm_counter_updn__parameterized6_77\
INFO: [VRFC 10-307] analyzing entity \xpm_counter_updn__parameterized7\
INFO: [VRFC 10-307] analyzing entity \xpm_counter_updn__parameterized7_78\
INFO: [VRFC 10-307] analyzing entity xpm_fifo_rst
INFO: [VRFC 10-307] analyzing entity xpm_fifo_rst_101
INFO: [VRFC 10-307] analyzing entity xpm_fifo_rst_83
INFO: [VRFC 10-307] analyzing entity xpm_memory_base
INFO: [VRFC 10-307] analyzing entity \xpm_memory_base__parameterized0\
INFO: [VRFC 10-307] analyzing entity \xpm_memory_base__parameterized1\
INFO: [VRFC 10-307] analyzing entity blk_mem_gen_prim_wrapper
INFO: [VRFC 10-307] analyzing entity blk_mem_gen_prim_wrapper_18
INFO: [VRFC 10-307] analyzing entity \blk_mem_gen_prim_wrapper__parameterized0\
INFO: [VRFC 10-307] analyzing entity \blk_mem_gen_prim_wrapper__parameterized0_17\
INFO: [VRFC 10-307] analyzing entity \compare__parameterized0\
INFO: [VRFC 10-307] analyzing entity \compare__parameterized0_21\
INFO: [VRFC 10-307] analyzing entity \compare__parameterized0_22\
INFO: [VRFC 10-307] analyzing entity \compare__parameterized0_27\
INFO: [VRFC 10-307] analyzing entity \compare__parameterized0_28\
INFO: [VRFC 10-307] analyzing entity \compare__parameterized0_5\
INFO: [VRFC 10-307] analyzing entity \compare__parameterized0_6\
INFO: [VRFC 10-307] analyzing entity \compare__parameterized0_7\
INFO: [VRFC 10-307] analyzing entity dmem
INFO: [VRFC 10-307] analyzing entity \dmem__parameterized0\
INFO: [VRFC 10-307] analyzing entity \dmem__parameterized1\
INFO: [VRFC 10-307] analyzing entity rd_bin_cntr
INFO: [VRFC 10-307] analyzing entity rd_bin_cntr_38
INFO: [VRFC 10-307] analyzing entity rd_bin_cntr_45
INFO: [VRFC 10-307] analyzing entity \rd_bin_cntr__parameterized0\
INFO: [VRFC 10-307] analyzing entity \rd_bin_cntr__parameterized0_26\
INFO: [VRFC 10-307] analyzing entity rd_fwft
INFO: [VRFC 10-307] analyzing entity rd_fwft_36
INFO: [VRFC 10-307] analyzing entity rd_fwft_43
INFO: [VRFC 10-307] analyzing entity \rd_fwft__parameterized0\
INFO: [VRFC 10-307] analyzing entity \rd_fwft__parameterized0_24\
INFO: [VRFC 10-307] analyzing entity rd_status_flags_ss
INFO: [VRFC 10-307] analyzing entity rd_status_flags_ss_37
INFO: [VRFC 10-307] analyzing entity rd_status_flags_ss_44
INFO: [VRFC 10-307] analyzing entity wr_bin_cntr
INFO: [VRFC 10-307] analyzing entity wr_bin_cntr_35
INFO: [VRFC 10-307] analyzing entity wr_bin_cntr_42
INFO: [VRFC 10-307] analyzing entity \wr_bin_cntr__parameterized0\
INFO: [VRFC 10-307] analyzing entity \wr_bin_cntr__parameterized0_20\
INFO: [VRFC 10-307] analyzing entity wr_status_flags_ss
INFO: [VRFC 10-307] analyzing entity wr_status_flags_ss_34
INFO: [VRFC 10-307] analyzing entity wr_status_flags_ss_41
INFO: [VRFC 10-307] analyzing entity axi_crossbar_v2_1_15_addr_arbiter
INFO: [VRFC 10-307] analyzing entity axi_crossbar_v2_1_15_addr_arbiter_46
INFO: [VRFC 10-307] analyzing entity axi_crossbar_v2_1_15_wdata_router_51
INFO: [VRFC 10-307] analyzing entity axi_crossbar_v2_1_15_wdata_router_53
INFO: [VRFC 10-307] analyzing entity axi_data_fifo_v2_1_13_axic_reg_srl_fifo_59
INFO: [VRFC 10-307] analyzing entity \axi_data_fifo_v2_1_13_axic_reg_srl_fifo__parameterized0_68\
INFO: [VRFC 10-307] analyzing entity \axi_data_fifo_v2_1_13_axic_reg_srl_fifo__parameterized1\
INFO: [VRFC 10-307] analyzing entity axi_datamover_cmd_status
INFO: [VRFC 10-307] analyzing entity \axi_datamover_cmd_status__parameterized0\
INFO: [VRFC 10-307] analyzing entity axi_dma_mm2s_mngr
INFO: [VRFC 10-307] analyzing entity axi_dma_reg_module
INFO: [VRFC 10-307] analyzing entity axi_dma_rst_module
INFO: [VRFC 10-307] analyzing entity axi_dma_s2mm_mngr
INFO: [VRFC 10-307] analyzing entity axi_dwidth_converter_v2_1_14_a_upsizer
INFO: [VRFC 10-307] analyzing entity \axi_dwidth_converter_v2_1_14_a_upsizer__parameterized0\
INFO: [VRFC 10-307] analyzing entity axi_protocol_converter_v2_1_14_b2s_b_channel
INFO: [VRFC 10-307] analyzing entity axi_protocol_converter_v2_1_14_b2s_cmd_translator
INFO: [VRFC 10-307] analyzing entity axi_protocol_converter_v2_1_14_b2s_cmd_translator_2
INFO: [VRFC 10-307] analyzing entity axi_protocol_converter_v2_1_14_b2s_r_channel
INFO: [VRFC 10-307] analyzing entity axi_register_slice_v2_1_14_axi_register_slice
INFO: [VRFC 10-307] analyzing entity \axi_register_slice_v2_1_14_axi_register_slice__parameterized0\
INFO: [VRFC 10-307] analyzing entity \axi_register_slice_v2_1_14_axi_register_slice__parameterized1\
INFO: [VRFC 10-307] analyzing entity \axi_register_slice_v2_1_14_axi_register_slice__parameterized2\
INFO: [VRFC 10-307] analyzing entity \axi_register_slice_v2_1_14_axi_register_slice__parameterized2_48\
INFO: [VRFC 10-307] analyzing entity \axi_register_slice_v2_1_14_axi_register_slice__parameterized2_49\
INFO: [VRFC 10-307] analyzing entity \axi_register_slice_v2_1_14_axi_register_slice__parameterized3\
INFO: [VRFC 10-307] analyzing entity design_1_processing_system7_0_1
INFO: [VRFC 10-307] analyzing entity design_1_signal_multiplexer_0_0
INFO: [VRFC 10-307] analyzing entity i2c
INFO: [VRFC 10-307] analyzing entity lpf
INFO: [VRFC 10-307] analyzing entity sequence_psr
INFO: [VRFC 10-307] analyzing entity srl_fifo_rbu_f
INFO: [VRFC 10-307] analyzing entity srl_fifo_rbu_f_90
INFO: [VRFC 10-307] analyzing entity \srl_fifo_rbu_f__parameterized0\
INFO: [VRFC 10-307] analyzing entity \srl_fifo_rbu_f__parameterized1\
INFO: [VRFC 10-307] analyzing entity \srl_fifo_rbu_f__parameterized2\
INFO: [VRFC 10-307] analyzing entity \srl_fifo_rbu_f__parameterized3\
INFO: [VRFC 10-307] analyzing entity \srl_fifo_rbu_f__parameterized4\
INFO: [VRFC 10-307] analyzing entity \srl_fifo_rbu_f__parameterized5\
INFO: [VRFC 10-307] analyzing entity \srl_fifo_rbu_f__parameterized6\
INFO: [VRFC 10-307] analyzing entity xpm_fifo_base
INFO: [VRFC 10-307] analyzing entity \xpm_fifo_base__parameterized0\
INFO: [VRFC 10-307] analyzing entity \xpm_fifo_base__parameterized1\
INFO: [VRFC 10-307] analyzing entity blk_mem_gen_prim_width
INFO: [VRFC 10-307] analyzing entity blk_mem_gen_prim_width_15
INFO: [VRFC 10-307] analyzing entity \blk_mem_gen_prim_width__parameterized0\
INFO: [VRFC 10-307] analyzing entity \blk_mem_gen_prim_width__parameterized0_16\
INFO: [VRFC 10-307] analyzing entity memory
INFO: [VRFC 10-307] analyzing entity \memory__parameterized0\
INFO: [VRFC 10-307] analyzing entity \memory__parameterized1\
INFO: [VRFC 10-307] analyzing entity rd_logic
INFO: [VRFC 10-307] analyzing entity rd_logic_32
INFO: [VRFC 10-307] analyzing entity rd_logic_39
INFO: [VRFC 10-307] analyzing entity \rd_status_flags_ss__parameterized0\
INFO: [VRFC 10-307] analyzing entity \rd_status_flags_ss__parameterized0_25\
INFO: [VRFC 10-307] analyzing entity reset_blk_ramfifo
INFO: [VRFC 10-307] analyzing entity \reset_blk_ramfifo__parameterized0\
INFO: [VRFC 10-307] analyzing entity \reset_blk_ramfifo__parameterized0__xdcDup__1\
INFO: [VRFC 10-307] analyzing entity \reset_blk_ramfifo__xdcDup__1\
INFO: [VRFC 10-307] analyzing entity \reset_blk_ramfifo__xdcDup__2\
INFO: [VRFC 10-307] analyzing entity wr_logic
INFO: [VRFC 10-307] analyzing entity wr_logic_33
INFO: [VRFC 10-307] analyzing entity wr_logic_40
INFO: [VRFC 10-307] analyzing entity \wr_status_flags_ss__parameterized0\
INFO: [VRFC 10-307] analyzing entity \wr_status_flags_ss__parameterized0_19\
INFO: [VRFC 10-307] analyzing entity adau1761_izedboard
INFO: [VRFC 10-307] analyzing entity axi_crossbar_v2_1_15_wdata_mux
INFO: [VRFC 10-307] analyzing entity \axi_crossbar_v2_1_15_wdata_mux__parameterized0\
INFO: [VRFC 10-307] analyzing entity axi_crossbar_v2_1_15_wdata_router
INFO: [VRFC 10-307] analyzing entity axi_dwidth_converter_v2_1_14_axi_upsizer
INFO: [VRFC 10-307] analyzing entity \axi_dwidth_converter_v2_1_14_axi_upsizer__parameterized0\
INFO: [VRFC 10-307] analyzing entity axi_protocol_converter_v2_1_14_b2s_ar_channel
INFO: [VRFC 10-307] analyzing entity axi_protocol_converter_v2_1_14_b2s_aw_channel
INFO: [VRFC 10-307] analyzing entity proc_sys_reset
INFO: [VRFC 10-307] analyzing entity srl_fifo_f
INFO: [VRFC 10-307] analyzing entity srl_fifo_f_89
INFO: [VRFC 10-307] analyzing entity \srl_fifo_f__parameterized0\
INFO: [VRFC 10-307] analyzing entity \srl_fifo_f__parameterized1\
INFO: [VRFC 10-307] analyzing entity \srl_fifo_f__parameterized2\
INFO: [VRFC 10-307] analyzing entity \srl_fifo_f__parameterized3\
INFO: [VRFC 10-307] analyzing entity \srl_fifo_f__parameterized4\
INFO: [VRFC 10-307] analyzing entity \srl_fifo_f__parameterized5\
INFO: [VRFC 10-307] analyzing entity \srl_fifo_f__parameterized6\
INFO: [VRFC 10-307] analyzing entity xpm_fifo_sync
INFO: [VRFC 10-307] analyzing entity \xpm_fifo_sync__parameterized1\
INFO: [VRFC 10-307] analyzing entity \xpm_fifo_sync__parameterized3\
INFO: [VRFC 10-307] analyzing entity blk_mem_gen_generic_cstr
INFO: [VRFC 10-307] analyzing entity blk_mem_gen_generic_cstr_14
INFO: [VRFC 10-307] analyzing entity fifo_generator_ramfifo
INFO: [VRFC 10-307] analyzing entity \fifo_generator_ramfifo__parameterized0\
INFO: [VRFC 10-307] analyzing entity \fifo_generator_ramfifo__parameterized1\
INFO: [VRFC 10-307] analyzing entity \rd_logic__parameterized0\
INFO: [VRFC 10-307] analyzing entity \rd_logic__parameterized0_8\
INFO: [VRFC 10-307] analyzing entity \wr_logic__parameterized0\
INFO: [VRFC 10-307] analyzing entity \wr_logic__parameterized0_9\
INFO: [VRFC 10-307] analyzing entity audio_top
INFO: [VRFC 10-307] analyzing entity axi_crossbar_v2_1_15_crossbar
INFO: [VRFC 10-307] analyzing entity \axi_datamover_fifo__parameterized1\
INFO: [VRFC 10-307] analyzing entity \axi_datamover_fifo__parameterized1_88\
INFO: [VRFC 10-307] analyzing entity \axi_datamover_fifo__parameterized2\
INFO: [VRFC 10-307] analyzing entity \axi_datamover_fifo__parameterized3\
INFO: [VRFC 10-307] analyzing entity \axi_datamover_fifo__parameterized5\
INFO: [VRFC 10-307] analyzing entity \axi_datamover_fifo__parameterized6\
INFO: [VRFC 10-307] analyzing entity \axi_datamover_fifo__parameterized7\
INFO: [VRFC 10-307] analyzing entity \axi_datamover_fifo__parameterized8\
INFO: [VRFC 10-307] analyzing entity \axi_datamover_fifo__parameterized9\
INFO: [VRFC 10-307] analyzing entity axi_dwidth_converter_v2_1_14_top
INFO: [VRFC 10-307] analyzing entity \axi_dwidth_converter_v2_1_14_top__parameterized0\
INFO: [VRFC 10-307] analyzing entity axi_protocol_converter_v2_1_14_b2s
INFO: [VRFC 10-307] analyzing entity design_1_rst_ps7_0_100M_2
INFO: [VRFC 10-307] analyzing entity sync_fifo_fg
INFO: [VRFC 10-307] analyzing entity \sync_fifo_fg__parameterized0\
INFO: [VRFC 10-307] analyzing entity \sync_fifo_fg__parameterized1\
INFO: [VRFC 10-307] analyzing entity blk_mem_gen_top
INFO: [VRFC 10-307] analyzing entity blk_mem_gen_top_13
INFO: [VRFC 10-307] analyzing entity fifo_generator_top
INFO: [VRFC 10-307] analyzing entity \fifo_generator_top__parameterized0\
INFO: [VRFC 10-307] analyzing entity \fifo_generator_top__parameterized1\
INFO: [VRFC 10-307] analyzing entity axi_crossbar_v2_1_15_axi_crossbar
INFO: [VRFC 10-307] analyzing entity axi_datamover_addr_cntl
INFO: [VRFC 10-307] analyzing entity \axi_datamover_addr_cntl__parameterized0\
INFO: [VRFC 10-307] analyzing entity axi_datamover_rddata_cntl
INFO: [VRFC 10-307] analyzing entity axi_datamover_s2mm_scatter
INFO: [VRFC 10-307] analyzing entity axi_datamover_sfifo_autord
INFO: [VRFC 10-307] analyzing entity \axi_datamover_sfifo_autord__parameterized0\
INFO: [VRFC 10-307] analyzing entity \axi_datamover_sfifo_autord__parameterized1\
INFO: [VRFC 10-307] analyzing entity axi_datamover_wr_status_cntl
INFO: [VRFC 10-307] analyzing entity axi_datamover_wrdata_cntl
INFO: [VRFC 10-307] analyzing entity \axi_protocol_converter_v2_1_14_axi_protocol_converter__parameterized0\
INFO: [VRFC 10-307] analyzing entity design_1_audio_top_0_0
INFO: [VRFC 10-307] analyzing entity design_1_auto_us_0
INFO: [VRFC 10-307] analyzing entity design_1_auto_us_1
INFO: [VRFC 10-307] analyzing entity blk_mem_gen_v8_4_0_synth
INFO: [VRFC 10-307] analyzing entity blk_mem_gen_v8_4_0_synth_12
INFO: [VRFC 10-307] analyzing entity fifo_generator_v13_2_0_synth
INFO: [VRFC 10-307] analyzing entity \fifo_generator_v13_2_0_synth__parameterized0\
INFO: [VRFC 10-307] analyzing entity \fifo_generator_v13_2_0_synth__parameterized1\
INFO: [VRFC 10-307] analyzing entity axi_datamover_indet_btt
INFO: [VRFC 10-307] analyzing entity axi_datamover_rd_sf
INFO: [VRFC 10-307] analyzing entity axi_datamover_s2mm_realign
INFO: [VRFC 10-307] analyzing entity design_1_auto_pc_1
INFO: [VRFC 10-307] analyzing entity design_1_xbar_0
INFO: [VRFC 10-307] analyzing entity s00_couplers_imp_HS4N6K
INFO: [VRFC 10-307] analyzing entity s01_couplers_imp_1CMTC59
INFO: [VRFC 10-307] analyzing entity blk_mem_gen_v8_4_0
INFO: [VRFC 10-307] analyzing entity blk_mem_gen_v8_4_0_11
INFO: [VRFC 10-307] analyzing entity fifo_generator_v13_2_0
INFO: [VRFC 10-307] analyzing entity \fifo_generator_v13_2_0__parameterized0\
INFO: [VRFC 10-307] analyzing entity \fifo_generator_v13_2_0__parameterized1\
INFO: [VRFC 10-307] analyzing entity axi_data_fifo_v2_1_13_fifo_gen
INFO: [VRFC 10-307] analyzing entity \axi_data_fifo_v2_1_13_fifo_gen__parameterized0\
INFO: [VRFC 10-307] analyzing entity \axi_data_fifo_v2_1_13_fifo_gen__parameterized1\
INFO: [VRFC 10-307] analyzing entity axi_datamover_mm2s_full_wrap
INFO: [VRFC 10-307] analyzing entity axi_datamover_s2mm_full_wrap
INFO: [VRFC 10-307] analyzing entity s00_couplers_imp_UYSKKA
INFO: [VRFC 10-307] analyzing entity \memory__parameterized2\
INFO: [VRFC 10-307] analyzing entity \memory__parameterized2_10\
INFO: [VRFC 10-307] analyzing entity axi_data_fifo_v2_1_13_axic_fifo
INFO: [VRFC 10-307] analyzing entity \axi_data_fifo_v2_1_13_axic_fifo__parameterized0\
INFO: [VRFC 10-307] analyzing entity \axi_data_fifo_v2_1_13_axic_fifo__parameterized1\
INFO: [VRFC 10-307] analyzing entity axi_datamover
INFO: [VRFC 10-307] analyzing entity design_1_ps7_0_axi_periph_0
INFO: [VRFC 10-307] analyzing entity \fifo_generator_ramfifo__parameterized2\
INFO: [VRFC 10-307] analyzing entity \fifo_generator_ramfifo__parameterized2__xdcDup__1\
INFO: [VRFC 10-307] analyzing entity axi_dma
INFO: [VRFC 10-307] analyzing entity axi_protocol_converter_v2_1_14_a_axi3_conv
INFO: [VRFC 10-307] analyzing entity \axi_protocol_converter_v2_1_14_a_axi3_conv__parameterized0\
INFO: [VRFC 10-307] analyzing entity \fifo_generator_top__parameterized2\
INFO: [VRFC 10-307] analyzing entity \fifo_generator_top__parameterized2__xdcDup__1\
INFO: [VRFC 10-307] analyzing entity axi_protocol_converter_v2_1_14_axi3_conv
INFO: [VRFC 10-307] analyzing entity design_1_axi_dma_0_1
INFO: [VRFC 10-307] analyzing entity \fifo_generator_v13_2_0_synth__parameterized2\
INFO: [VRFC 10-307] analyzing entity \fifo_generator_v13_2_0_synth__parameterized2__xdcDup__1\
INFO: [VRFC 10-307] analyzing entity axi_protocol_converter_v2_1_14_axi_protocol_converter
INFO: [VRFC 10-307] analyzing entity \fifo_generator_v13_2_0__parameterized2\
INFO: [VRFC 10-307] analyzing entity \fifo_generator_v13_2_0__parameterized2__xdcDup__1\
INFO: [VRFC 10-307] analyzing entity axis_data_fifo_v1_1_15_axis_data_fifo
INFO: [VRFC 10-307] analyzing entity \axis_data_fifo_v1_1_15_axis_data_fifo__xdcDup__1\
INFO: [VRFC 10-307] analyzing entity design_1_auto_pc_0
INFO: [VRFC 10-307] analyzing entity design_1_axis_data_fifo_0_1
INFO: [VRFC 10-307] analyzing entity design_1_axis_data_fifo_1_0
INFO: [VRFC 10-307] analyzing entity m00_couplers_imp_1FDLJBY
INFO: [VRFC 10-307] analyzing entity design_1_axi_interconnect_1_0
INFO: [VRFC 10-307] analyzing entity design_1
INFO: [VRFC 10-307] analyzing entity design_1_wrapper
