INFO: [VRFC 10-2263] Analyzing Verilog file "C:/Programming/Git/adaptive_noise_cancellation/adaptive_noise_cancellation.sim/sim_1/impl/timing/xsim/design_1_wrapper_time_impl.v" into library xil_defaultlib
INFO: [VRFC 10-311] analyzing module IOBUF_UNIQ_BASE_
INFO: [VRFC 10-311] analyzing module ADAU1761_interface
INFO: [VRFC 10-311] analyzing module AudioInOut16_v1_0
INFO: [VRFC 10-311] analyzing module AudioInOut16_v1_0_S00_AXI
INFO: [VRFC 10-311] analyzing module DualClockFIFO
INFO: [VRFC 10-311] analyzing module DualClockFIFO_5
INFO: [VRFC 10-311] analyzing module GrayCounter
INFO: [VRFC 10-311] analyzing module GrayCounter_7
INFO: [VRFC 10-311] analyzing module GrayCounter_8
INFO: [VRFC 10-311] analyzing module GrayCounter_9
INFO: [VRFC 10-311] analyzing module LMS_Filter
INFO: [VRFC 10-311] analyzing module adau1761_configuraiton_data
INFO: [VRFC 10-311] analyzing module adau1761_izedboard
INFO: [VRFC 10-311] analyzing module adder_full_signed_reg
INFO: [VRFC 10-311] analyzing module audio_top
INFO: [VRFC 10-311] analyzing module axi_crossbar_v2_1_16_addr_arbiter_sasd
INFO: [VRFC 10-311] analyzing module axi_crossbar_v2_1_16_axi_crossbar
INFO: [VRFC 10-311] analyzing module axi_crossbar_v2_1_16_crossbar_sasd
INFO: [VRFC 10-311] analyzing module axi_crossbar_v2_1_16_decerr_slave
INFO: [VRFC 10-311] analyzing module axi_crossbar_v2_1_16_splitter
INFO: [VRFC 10-311] analyzing module axi_crossbar_v2_1_16_splitter__parameterized0
INFO: [VRFC 10-311] analyzing module axi_protocol_converter_v2_1_15_axi_protocol_converter
INFO: [VRFC 10-311] analyzing module axi_protocol_converter_v2_1_15_b2s
INFO: [VRFC 10-311] analyzing module axi_protocol_converter_v2_1_15_b2s_ar_channel
INFO: [VRFC 10-311] analyzing module axi_protocol_converter_v2_1_15_b2s_aw_channel
INFO: [VRFC 10-311] analyzing module axi_protocol_converter_v2_1_15_b2s_b_channel
INFO: [VRFC 10-311] analyzing module axi_protocol_converter_v2_1_15_b2s_cmd_translator
INFO: [VRFC 10-311] analyzing module axi_protocol_converter_v2_1_15_b2s_cmd_translator_2
INFO: [VRFC 10-311] analyzing module axi_protocol_converter_v2_1_15_b2s_incr_cmd
INFO: [VRFC 10-311] analyzing module axi_protocol_converter_v2_1_15_b2s_incr_cmd_3
INFO: [VRFC 10-311] analyzing module axi_protocol_converter_v2_1_15_b2s_r_channel
INFO: [VRFC 10-311] analyzing module axi_protocol_converter_v2_1_15_b2s_rd_cmd_fsm
INFO: [VRFC 10-311] analyzing module axi_protocol_converter_v2_1_15_b2s_simple_fifo
INFO: [VRFC 10-311] analyzing module axi_protocol_converter_v2_1_15_b2s_simple_fifo__parameterized0
INFO: [VRFC 10-311] analyzing module axi_protocol_converter_v2_1_15_b2s_simple_fifo__parameterized1
INFO: [VRFC 10-311] analyzing module axi_protocol_converter_v2_1_15_b2s_simple_fifo__parameterized2
INFO: [VRFC 10-311] analyzing module axi_protocol_converter_v2_1_15_b2s_wr_cmd_fsm
INFO: [VRFC 10-311] analyzing module axi_protocol_converter_v2_1_15_b2s_wrap_cmd
INFO: [VRFC 10-311] analyzing module axi_protocol_converter_v2_1_15_b2s_wrap_cmd_4
INFO: [VRFC 10-311] analyzing module axi_register_slice_v2_1_15_axi_register_slice
INFO: [VRFC 10-311] analyzing module axi_register_slice_v2_1_15_axic_register_slice
INFO: [VRFC 10-311] analyzing module axi_register_slice_v2_1_15_axic_register_slice_1
INFO: [VRFC 10-311] analyzing module axi_register_slice_v2_1_15_axic_register_slice__parameterized1
INFO: [VRFC 10-311] analyzing module axi_register_slice_v2_1_15_axic_register_slice__parameterized2
INFO: [VRFC 10-311] analyzing module axi_register_slice_v2_1_15_axic_register_slice__parameterized7
INFO: [VRFC 10-311] analyzing module cdc_sync
INFO: [VRFC 10-311] analyzing module cdc_sync_0
INFO: [VRFC 10-311] analyzing module clocking
INFO: [VRFC 10-311] analyzing module clocking_6
INFO: [VRFC 10-311] analyzing module design_1
INFO: [VRFC 10-311] analyzing module design_1_AudioInOut16_v1_0_0_0
INFO: [VRFC 10-311] analyzing module design_1_LMS_Filter_0_0
INFO: [VRFC 10-311] analyzing module design_1_adder_full_signed_reg_0_1
INFO: [VRFC 10-311] analyzing module design_1_audio_top_0_0
INFO: [VRFC 10-311] analyzing module design_1_auto_pc_0
INFO: [VRFC 10-311] analyzing module design_1_bit_shifter_0_0
INFO: [VRFC 10-311] analyzing module design_1_nco_0_1
INFO: [VRFC 10-311] analyzing module design_1_pmod_i2s_1_0
INFO: [VRFC 10-311] analyzing module design_1_processing_system7_0_1
INFO: [VRFC 10-311] analyzing module design_1_ps7_0_axi_periph_0
INFO: [VRFC 10-311] analyzing module design_1_rst_ps7_0_100M_0
INFO: [VRFC 10-311] analyzing module design_1_signal_processor_multiplexer_0_0
INFO: [VRFC 10-311] analyzing module design_1_wrapper
INFO: [VRFC 10-311] analyzing module design_1_xbar_0
INFO: [VRFC 10-311] analyzing module design_1_xlconstant_0_0
INFO: [VRFC 10-311] analyzing module design_1_xlconstant_0_1
INFO: [VRFC 10-311] analyzing module design_1_xlconstant_1_0
INFO: [VRFC 10-311] analyzing module i2c
INFO: [VRFC 10-311] analyzing module i2s_data_interface
INFO: [VRFC 10-311] analyzing module i3c2
INFO: [VRFC 10-311] analyzing module lpf
INFO: [VRFC 10-311] analyzing module nco
INFO: [VRFC 10-311] analyzing module nco_sine_lut_V
INFO: [VRFC 10-311] analyzing module nco_sine_lut_V_rom
INFO: [VRFC 10-311] analyzing module pmod_i2s
INFO: [VRFC 10-311] analyzing module proc_sys_reset
INFO: [VRFC 10-311] analyzing module processing_system7_v5_5_processing_system7
INFO: [VRFC 10-311] analyzing module s00_couplers_imp_UYSKKA
INFO: [VRFC 10-311] analyzing module sequence_psr
INFO: [VRFC 10-311] analyzing module signal_processor_multiplexer
INFO: [VRFC 10-311] analyzing module upcnt_n
INFO: [VRFC 10-311] analyzing module glbl
